23:54:27.839 [main] INFO  c.i.w.InferenceOmnicanalSoleApiApplicationTests - UUID:[] - COID:[] Starting InferenceOmnicanalSoleApiApplicationTests using Java 11.0.11 on MacBook-RB.local with PID 69982 (started by renattob in /Users/renattob/Documents/Proyectos/Java-Scala/INFERENCE/InferenceOmnicanalNubyxAPI)
23:54:27.843 [main] INFO  c.i.w.InferenceOmnicanalSoleApiApplicationTests - UUID:[] - COID:[] No active profile set, falling back to default profiles: default
23:54:28.946 [main] INFO  o.s.d.r.c.RepositoryConfigurationDelegate - UUID:[] - COID:[] Multiple Spring Data modules found, entering strict repository configuration mode!
23:54:28.948 [main] INFO  o.s.d.r.c.RepositoryConfigurationDelegate - UUID:[] - COID:[] Bootstrapping Spring Data Redis repositories in DEFAULT mode.
23:54:28.982 [main] INFO  o.s.d.r.c.RepositoryConfigurationDelegate - UUID:[] - COID:[] Finished Spring Data repository scanning in 13 ms. Found 0 Redis repository interfaces.
23:54:29.226 [main] INFO  o.s.d.r.c.RepositoryConfigurationDelegate - UUID:[] - COID:[] Multiple Spring Data modules found, entering strict repository configuration mode!
23:54:29.229 [main] INFO  o.s.d.r.c.RepositoryConfigurationDelegate - UUID:[] - COID:[] Bootstrapping Spring Data JPA repositories in DEFERRED mode.
23:54:29.497 [main] INFO  o.s.d.r.c.RepositoryConfigurationExtensionSupport - UUID:[] - COID:[] Spring Data JPA - Could not safely identify store assignment for repository candidate interface com.inference.whatsappintegration.infrastructure.persistence.repository.Five9SessionRepository. If you want this repository to be a JPA repository, consider annotating your entities with one of these annotations: javax.persistence.Entity, javax.persistence.MappedSuperclass (preferred), or consider extending one of the following types with your repository: org.springframework.data.jpa.repository.JpaRepository.
23:54:29.502 [main] INFO  o.s.d.r.c.RepositoryConfigurationExtensionSupport - UUID:[] - COID:[] Spring Data JPA - Could not safely identify store assignment for repository candidate interface com.inference.whatsappintegration.infrastructure.persistence.repository.SessionRepository. If you want this repository to be a JPA repository, consider annotating your entities with one of these annotations: javax.persistence.Entity, javax.persistence.MappedSuperclass (preferred), or consider extending one of the following types with your repository: org.springframework.data.jpa.repository.JpaRepository.
23:54:29.552 [main] INFO  o.s.d.r.c.RepositoryConfigurationDelegate - UUID:[] - COID:[] Finished Spring Data repository scanning in 319 ms. Found 2 JPA repository interfaces.
23:54:29.607 [main] INFO  o.s.d.r.c.RepositoryConfigurationDelegate - UUID:[] - COID:[] Multiple Spring Data modules found, entering strict repository configuration mode!
23:54:29.608 [main] INFO  o.s.d.r.c.RepositoryConfigurationDelegate - UUID:[] - COID:[] Bootstrapping Spring Data Redis repositories in DEFAULT mode.
23:54:29.676 [main] INFO  o.s.d.r.c.RepositoryConfigurationExtensionSupport - UUID:[] - COID:[] Spring Data Redis - Could not safely identify store assignment for repository candidate interface com.inference.whatsappintegration.infrastructure.persistence.repository.ConversationCountSummaryRepository. If you want this repository to be a Redis repository, consider annotating your entities with one of these annotations: org.springframework.data.redis.core.RedisHash (preferred), or consider extending one of the following types with your repository: org.springframework.data.keyvalue.repository.KeyValueRepository.
23:54:29.699 [main] INFO  o.s.d.r.c.RepositoryConfigurationExtensionSupport - UUID:[] - COID:[] Spring Data Redis - Could not safely identify store assignment for repository candidate interface com.inference.whatsappintegration.infrastructure.persistence.repository.WhatsappDailyConversationHistoryRepository. If you want this repository to be a Redis repository, consider annotating your entities with one of these annotations: org.springframework.data.redis.core.RedisHash (preferred), or consider extending one of the following types with your repository: org.springframework.data.keyvalue.repository.KeyValueRepository.
23:54:29.720 [main] INFO  o.s.d.r.c.RepositoryConfigurationDelegate - UUID:[] - COID:[] Finished Spring Data repository scanning in 111 ms. Found 2 Redis repository interfaces.
23:54:30.211 [main] INFO  o.s.c.s.PostProcessorRegistrationDelegate$BeanPostProcessorChecker - UUID:[] - COID:[] Bean 'org.springframework.ws.config.annotation.DelegatingWsConfiguration' of type [org.springframework.ws.config.annotation.DelegatingWsConfiguration$$EnhancerBySpringCGLIB$$c9c9cf7f] is not eligible for getting processed by all BeanPostProcessors (for example: not eligible for auto-proxying)
23:54:30.279 [main] INFO  o.s.w.s.a.s.AnnotationActionEndpointMapping - UUID:[] - COID:[] Supporting [WS-Addressing August 2004, WS-Addressing 1.0]
23:54:30.787 [main] INFO  o.s.s.c.ThreadPoolTaskExecutor - UUID:[] - COID:[] Initializing ExecutorService 'applicationTaskExecutor'
23:54:30.929 [task-1] INFO  o.h.jpa.internal.util.LogHelper - UUID:[] - COID:[] HHH000204: Processing PersistenceUnitInfo [name: default]
23:54:31.009 [task-1] INFO  org.hibernate.Version - UUID:[] - COID:[] HHH000412: Hibernate ORM core version 5.4.23.Final
23:54:31.142 [task-1] INFO  o.h.annotations.common.Version - UUID:[] - COID:[] HCANN000001: Hibernate Commons Annotations {5.1.2.Final}
23:54:31.285 [task-1] INFO  com.zaxxer.hikari.HikariDataSource - UUID:[] - COID:[] HikariPool-1 - Starting...
23:54:31.637 [task-1] INFO  com.zaxxer.hikari.HikariDataSource - UUID:[] - COID:[] HikariPool-1 - Start completed.
23:54:31.656 [task-1] INFO  org.hibernate.dialect.Dialect - UUID:[] - COID:[] HHH000400: Using dialect: org.hibernate.dialect.PostgreSQLDialect
23:54:32.692 [task-1] INFO  o.h.e.t.j.p.i.JtaPlatformInitiator - UUID:[] - COID:[] HHH000490: Using JtaPlatform implementation: [org.hibernate.engine.transaction.jta.platform.internal.NoJtaPlatform]
23:54:32.703 [task-1] INFO  o.s.o.j.LocalContainerEntityManagerFactoryBean - UUID:[] - COID:[] Initialized JPA EntityManagerFactory for persistence unit 'default'
23:54:33.300 [main] WARN  o.s.b.a.o.j.JpaBaseConfiguration$JpaWebConfiguration - UUID:[] - COID:[] spring.jpa.open-in-view is enabled by default. Therefore, database queries may be performed during view rendering. Explicitly configure spring.jpa.open-in-view to disable this warning
23:54:35.232 [main] INFO  o.s.d.r.c.DeferredRepositoryInitializationListener - UUID:[] - COID:[] Triggering deferred initialization of Spring Data repositories…
23:54:35.505 [main] INFO  o.s.d.r.c.DeferredRepositoryInitializationListener - UUID:[] - COID:[] Spring Data repositories initialized!
23:54:35.514 [main] INFO  c.i.w.InferenceOmnicanalSoleApiApplicationTests - UUID:[] - COID:[] Started InferenceOmnicanalSoleApiApplicationTests in 8.254 seconds (JVM running for 9.441)
23:54:35.866 [SpringContextShutdownHook] INFO  o.s.o.j.LocalContainerEntityManagerFactoryBean - UUID:[] - COID:[] Closing JPA EntityManagerFactory for persistence unit 'default'
23:54:35.870 [SpringContextShutdownHook] INFO  o.s.s.c.ThreadPoolTaskExecutor - UUID:[] - COID:[] Shutting down ExecutorService 'applicationTaskExecutor'
23:54:35.871 [SpringContextShutdownHook] INFO  com.zaxxer.hikari.HikariDataSource - UUID:[] - COID:[] HikariPool-1 - Shutdown initiated...
23:54:35.878 [SpringContextShutdownHook] INFO  com.zaxxer.hikari.HikariDataSource - UUID:[] - COID:[] HikariPool-1 - Shutdown completed.
