09:59:07.135 [main] INFO  c.i.w.InferenceOmnicanalSoleApiApplicationTests - UUID:[] - COID:[] Starting InferenceOmnicanalSoleApiApplicationTests using Java 11.0.11 on MacBook-RB.local with PID 67436 (started by renattob in /Users/renattob/Documents/Proyectos/Java-Scala/INFERENCE/InferenceOmnicanalNubyxAPI)
09:59:07.142 [main] INFO  c.i.w.InferenceOmnicanalSoleApiApplicationTests - UUID:[] - COID:[] No active profile set, falling back to default profiles: default
09:59:08.232 [main] INFO  o.s.d.r.c.RepositoryConfigurationDelegate - UUID:[] - COID:[] Multiple Spring Data modules found, entering strict repository configuration mode!
09:59:08.235 [main] INFO  o.s.d.r.c.RepositoryConfigurationDelegate - UUID:[] - COID:[] Bootstrapping Spring Data Redis repositories in DEFAULT mode.
09:59:08.257 [main] INFO  o.s.d.r.c.RepositoryConfigurationDelegate - UUID:[] - COID:[] Finished Spring Data repository scanning in 11 ms. Found 0 Redis repository interfaces.
09:59:08.516 [main] INFO  o.s.d.r.c.RepositoryConfigurationDelegate - UUID:[] - COID:[] Multiple Spring Data modules found, entering strict repository configuration mode!
09:59:08.518 [main] INFO  o.s.d.r.c.RepositoryConfigurationDelegate - UUID:[] - COID:[] Bootstrapping Spring Data JPA repositories in DEFERRED mode.
09:59:08.748 [main] INFO  o.s.d.r.c.RepositoryConfigurationExtensionSupport - UUID:[] - COID:[] Spring Data JPA - Could not safely identify store assignment for repository candidate interface com.inference.whatsappintegration.infrastructure.persistence.repository.Five9SessionRepository. If you want this repository to be a JPA repository, consider annotating your entities with one of these annotations: javax.persistence.Entity, javax.persistence.MappedSuperclass (preferred), or consider extending one of the following types with your repository: org.springframework.data.jpa.repository.JpaRepository.
09:59:08.752 [main] INFO  o.s.d.r.c.RepositoryConfigurationExtensionSupport - UUID:[] - COID:[] Spring Data JPA - Could not safely identify store assignment for repository candidate interface com.inference.whatsappintegration.infrastructure.persistence.repository.SessionRepository. If you want this repository to be a JPA repository, consider annotating your entities with one of these annotations: javax.persistence.Entity, javax.persistence.MappedSuperclass (preferred), or consider extending one of the following types with your repository: org.springframework.data.jpa.repository.JpaRepository.
09:59:08.794 [main] INFO  o.s.d.r.c.RepositoryConfigurationDelegate - UUID:[] - COID:[] Finished Spring Data repository scanning in 270 ms. Found 2 JPA repository interfaces.
09:59:08.834 [main] INFO  o.s.d.r.c.RepositoryConfigurationDelegate - UUID:[] - COID:[] Multiple Spring Data modules found, entering strict repository configuration mode!
09:59:08.835 [main] INFO  o.s.d.r.c.RepositoryConfigurationDelegate - UUID:[] - COID:[] Bootstrapping Spring Data Redis repositories in DEFAULT mode.
09:59:08.860 [main] INFO  o.s.d.r.c.RepositoryConfigurationExtensionSupport - UUID:[] - COID:[] Spring Data Redis - Could not safely identify store assignment for repository candidate interface com.inference.whatsappintegration.infrastructure.persistence.repository.ConversationCountSummaryRepository. If you want this repository to be a Redis repository, consider annotating your entities with one of these annotations: org.springframework.data.redis.core.RedisHash (preferred), or consider extending one of the following types with your repository: org.springframework.data.keyvalue.repository.KeyValueRepository.
09:59:08.876 [main] INFO  o.s.d.r.c.RepositoryConfigurationExtensionSupport - UUID:[] - COID:[] Spring Data Redis - Could not safely identify store assignment for repository candidate interface com.inference.whatsappintegration.infrastructure.persistence.repository.WhatsappDailyConversationHistoryRepository. If you want this repository to be a Redis repository, consider annotating your entities with one of these annotations: org.springframework.data.redis.core.RedisHash (preferred), or consider extending one of the following types with your repository: org.springframework.data.keyvalue.repository.KeyValueRepository.
09:59:08.892 [main] INFO  o.s.d.r.c.RepositoryConfigurationDelegate - UUID:[] - COID:[] Finished Spring Data repository scanning in 57 ms. Found 2 Redis repository interfaces.
09:59:09.344 [main] INFO  o.s.c.s.PostProcessorRegistrationDelegate$BeanPostProcessorChecker - UUID:[] - COID:[] Bean 'org.springframework.ws.config.annotation.DelegatingWsConfiguration' of type [org.springframework.ws.config.annotation.DelegatingWsConfiguration$$EnhancerBySpringCGLIB$$10efe571] is not eligible for getting processed by all BeanPostProcessors (for example: not eligible for auto-proxying)
09:59:09.413 [main] INFO  o.s.w.s.a.s.AnnotationActionEndpointMapping - UUID:[] - COID:[] Supporting [WS-Addressing August 2004, WS-Addressing 1.0]
09:59:09.851 [main] INFO  o.s.s.c.ThreadPoolTaskExecutor - UUID:[] - COID:[] Initializing ExecutorService 'applicationTaskExecutor'
09:59:09.959 [task-1] INFO  o.h.jpa.internal.util.LogHelper - UUID:[] - COID:[] HHH000204: Processing PersistenceUnitInfo [name: default]
09:59:10.024 [task-1] INFO  org.hibernate.Version - UUID:[] - COID:[] HHH000412: Hibernate ORM core version 5.4.23.Final
09:59:10.182 [task-1] INFO  o.h.annotations.common.Version - UUID:[] - COID:[] HCANN000001: Hibernate Commons Annotations {5.1.2.Final}
09:59:10.307 [task-1] INFO  com.zaxxer.hikari.HikariDataSource - UUID:[] - COID:[] HikariPool-1 - Starting...
09:59:10.628 [task-1] INFO  com.zaxxer.hikari.HikariDataSource - UUID:[] - COID:[] HikariPool-1 - Start completed.
09:59:10.646 [task-1] INFO  org.hibernate.dialect.Dialect - UUID:[] - COID:[] HHH000400: Using dialect: org.hibernate.dialect.PostgreSQLDialect
09:59:11.681 [task-1] INFO  o.h.e.t.j.p.i.JtaPlatformInitiator - UUID:[] - COID:[] HHH000490: Using JtaPlatform implementation: [org.hibernate.engine.transaction.jta.platform.internal.NoJtaPlatform]
09:59:11.690 [task-1] INFO  o.s.o.j.LocalContainerEntityManagerFactoryBean - UUID:[] - COID:[] Initialized JPA EntityManagerFactory for persistence unit 'default'
09:59:11.987 [main] WARN  o.s.b.a.o.j.JpaBaseConfiguration$JpaWebConfiguration - UUID:[] - COID:[] spring.jpa.open-in-view is enabled by default. Therefore, database queries may be performed during view rendering. Explicitly configure spring.jpa.open-in-view to disable this warning
09:59:13.164 [main] INFO  o.s.d.r.c.DeferredRepositoryInitializationListener - UUID:[] - COID:[] Triggering deferred initialization of Spring Data repositories…
09:59:13.434 [main] INFO  o.s.d.r.c.DeferredRepositoryInitializationListener - UUID:[] - COID:[] Spring Data repositories initialized!
09:59:13.447 [main] INFO  c.i.w.InferenceOmnicanalSoleApiApplicationTests - UUID:[] - COID:[] Started InferenceOmnicanalSoleApiApplicationTests in 6.923 seconds (JVM running for 8.091)
09:59:13.766 [SpringContextShutdownHook] INFO  o.s.o.j.LocalContainerEntityManagerFactoryBean - UUID:[] - COID:[] Closing JPA EntityManagerFactory for persistence unit 'default'
09:59:13.768 [SpringContextShutdownHook] INFO  o.s.s.c.ThreadPoolTaskExecutor - UUID:[] - COID:[] Shutting down ExecutorService 'applicationTaskExecutor'
09:59:13.769 [SpringContextShutdownHook] INFO  com.zaxxer.hikari.HikariDataSource - UUID:[] - COID:[] HikariPool-1 - Shutdown initiated...
09:59:13.774 [SpringContextShutdownHook] INFO  com.zaxxer.hikari.HikariDataSource - UUID:[] - COID:[] HikariPool-1 - Shutdown completed.
